Using GATK jar /Users/vtimonin/opt/anaconda3/envs/snakemake/share/gatk4-4.3.0.0-0/gatk-package-4.3.0.0-local.jar
Running:
    java -Dsamjdk.use_async_io_read_samtools=false -Dsamjdk.use_async_io_write_samtools=true -Dsamjdk.use_async_io_write_tribble=false -Dsamjdk.compression_level=2 -Xmx1024M -jar /Users/vtimonin/opt/anaconda3/envs/snakemake/share/gatk4-4.3.0.0-0/gatk-package-4.3.0.0-local.jar Mutect2 --native-pair-hmm-threads 1 --input ../data/preprocessed/CPCT12345678R_HJJLGCCXX_S1_L001.bam --reference ../resources/GCA_000001405.15_GRCh38_no_alt_analysis_set.fa.gz -pon ../data/pon/pon.vcf.gz -L ../resources/chip.genes.bed --germline-resource ../resources/00-common_all.vcf.gz --f1r2-tar-gz ../interim/f1r2.tar.gz --tmp-dir /var/folders/6q/pgqvpyvd44b65lht2ypblldr0000gq/T/tmp6wznmq63 --output ../data/mutect2/CPCT12345678R_HJJLGCCXX_S1_L001_unfiltered.vcf
10:44:57.150 INFO  NativeLibraryLoader - Loading libgkl_compression.dylib from jar:file:/Users/vtimonin/opt/anaconda3/envs/snakemake/share/gatk4-4.3.0.0-0/gatk-package-4.3.0.0-local.jar!/com/intel/gkl/native/libgkl_compression.dylib
10:45:02.600 INFO  Mutect2 - ------------------------------------------------------------
10:45:02.600 INFO  Mutect2 - The Genome Analysis Toolkit (GATK) v4.3.0.0
10:45:02.600 INFO  Mutect2 - For support and documentation go to https://software.broadinstitute.org/gatk/
10:45:02.603 INFO  Mutect2 - Executing as vtimonin@SV-66M-004 on Mac OS X v10.16 x86_64
10:45:02.603 INFO  Mutect2 - Java runtime: OpenJDK 64-Bit Server VM v1.8.0_152-release-1056-b12
10:45:02.603 INFO  Mutect2 - Start Date/Time: January 4, 2023 10:44:57 AM CET
10:45:02.603 INFO  Mutect2 - ------------------------------------------------------------
10:45:02.604 INFO  Mutect2 - ------------------------------------------------------------
10:45:02.604 INFO  Mutect2 - HTSJDK Version: 3.0.1
10:45:02.604 INFO  Mutect2 - Picard Version: 2.27.5
10:45:02.604 INFO  Mutect2 - Built for Spark Version: 2.4.5
10:45:02.604 INFO  Mutect2 - HTSJDK Defaults.COMPRESSION_LEVEL : 2
10:45:02.604 INFO  Mutect2 - HTSJDK Defaults.USE_ASYNC_IO_READ_FOR_SAMTOOLS : false
10:45:02.605 INFO  Mutect2 - HTSJDK Defaults.USE_ASYNC_IO_WRITE_FOR_SAMTOOLS : true
10:45:02.605 INFO  Mutect2 - HTSJDK Defaults.USE_ASYNC_IO_WRITE_FOR_TRIBBLE : false
10:45:02.605 INFO  Mutect2 - Deflater: IntelDeflater
10:45:02.605 INFO  Mutect2 - Inflater: IntelInflater
10:45:02.605 INFO  Mutect2 - GCS max retries/reopens: 20
10:45:02.605 INFO  Mutect2 - Requester pays: disabled
10:45:02.605 INFO  Mutect2 - Initializing engine
10:45:03.168 INFO  FeatureManager - Using codec VCFCodec to read file file:///Users/vtimonin/Desktop/Work/test/workflow/../data/pon/pon.vcf.gz
10:45:03.184 WARN  IntelInflater - Zero Bytes Written : 0
10:45:03.204 INFO  FeatureManager - Using codec VCFCodec to read file file:///Users/vtimonin/Desktop/Work/test/workflow/../resources/00-common_all.vcf.gz
10:45:03.294 INFO  FeatureManager - Using codec BEDCodec to read file file:///Users/vtimonin/Desktop/Work/test/workflow/../resources/chip.genes.bed
10:45:03.304 INFO  IntervalArgumentCollection - Processing 8823018 bp from intervals
10:45:03.309 WARN  IndexUtils - Feature file "file:///Users/vtimonin/Desktop/Work/test/workflow/../resources/00-common_all.vcf.gz" appears to contain no sequence dictionary. Attempting to retrieve a sequence dictionary from the associated index file
10:45:03.396 WARN  IntelInflater - Zero Bytes Written : 0
10:45:03.397 WARN  IndexUtils - Index file /Users/vtimonin/Desktop/Work/test/workflow/../resources/00-common_all.vcf.gz.tbi is out of date (index older than input file). Use IndexFeatureFile to make a new index.
10:45:03.411 INFO  Mutect2 - Done initializing engine
10:45:03.453 INFO  NativeLibraryLoader - Loading libgkl_utils.dylib from jar:file:/Users/vtimonin/opt/anaconda3/envs/snakemake/share/gatk4-4.3.0.0-0/gatk-package-4.3.0.0-local.jar!/com/intel/gkl/native/libgkl_utils.dylib
10:45:03.504 WARN  NativeLibraryLoader - Unable to find native library: native/libgkl_pairhmm_omp.dylib
10:45:03.504 INFO  PairHMM - OpenMP multi-threaded AVX-accelerated native PairHMM implementation is not supported
10:45:03.504 INFO  NativeLibraryLoader - Loading libgkl_pairhmm.dylib from jar:file:/Users/vtimonin/opt/anaconda3/envs/snakemake/share/gatk4-4.3.0.0-0/gatk-package-4.3.0.0-local.jar!/com/intel/gkl/native/libgkl_pairhmm.dylib
10:45:03.628 INFO  IntelPairHmm - Flush-to-zero (FTZ) is enabled when running PairHMM
10:45:03.629 INFO  PairHMM - Using the AVX-accelerated native PairHMM implementation
10:45:03.719 INFO  ProgressMeter - Starting traversal
10:45:03.720 INFO  ProgressMeter -        Current Locus  Elapsed Minutes     Regions Processed   Regions/Minute
10:45:09.799 WARN  SomaticGenotypingEngine - Germline resource variant at chr17:7676325 missing AF attribute
10:45:12.869 INFO  Mutect2 - 27 read(s) filtered by: MappingQualityReadFilter 
0 read(s) filtered by: MappingQualityAvailableReadFilter 
0 read(s) filtered by: MappingQualityNotZeroReadFilter 
0 read(s) filtered by: MappedReadFilter 
0 read(s) filtered by: NotSecondaryAlignmentReadFilter 
232 read(s) filtered by: NotDuplicateReadFilter 
0 read(s) filtered by: PassesVendorQualityCheckReadFilter 
0 read(s) filtered by: NonChimericOriginalAlignmentReadFilter 
0 read(s) filtered by: NonZeroReferenceLengthAlignmentReadFilter 
0 read(s) filtered by: ReadLengthReadFilter 
0 read(s) filtered by: GoodCigarReadFilter 
0 read(s) filtered by: WellformedReadFilter 
259 total reads filtered
10:45:12.869 INFO  ProgressMeter -       chrX:155123021              0.2                 29460         193201.4
10:45:12.869 INFO  ProgressMeter - Traversal complete. Processed 29460 total regions in 0.2 minutes.
10:45:13.070 INFO  VectorLoglessPairHMM - Time spent in setup for JNI call : 0.0021640450000000003
10:45:13.070 INFO  PairHMM - Total compute time in PairHMM computeLogLikelihoods() : 0.039413497000000006
10:45:13.070 INFO  SmithWatermanAligner - Total compute time in java Smith-Waterman : 0.10 sec
10:45:13.072 INFO  Mutect2 - Shutting down engine
[January 4, 2023 10:45:13 AM CET] org.broadinstitute.hellbender.tools.walkers.mutect.Mutect2 done. Elapsed time: 0.27 minutes.
Runtime.totalMemory()=468713472
Tool returned:
SUCCESS
