Using GATK jar /Users/vtimonin/opt/anaconda3/envs/snakemake/share/gatk4-4.3.0.0-0/gatk-package-4.3.0.0-local.jar
Running:
    java -Dsamjdk.use_async_io_read_samtools=false -Dsamjdk.use_async_io_write_samtools=true -Dsamjdk.use_async_io_write_tribble=false -Dsamjdk.compression_level=2 -Xmx1024M -jar /Users/vtimonin/opt/anaconda3/envs/snakemake/share/gatk4-4.3.0.0-0/gatk-package-4.3.0.0-local.jar GetPileupSummaries --input ../data/preprocessed/CPCT12345680R_HJJLGCCXX_S1_L001.bam --intervals ../resources/chip.genes.bed --variant ../resources/00-common_all.vcf.gz --output ../interim/CPCT12345680R_HJJLGCCXX_S1_L001_summaries.table --tmp-dir /var/folders/6q/pgqvpyvd44b65lht2ypblldr0000gq/T/tmpng10fot8
10:56:04.875 INFO  NativeLibraryLoader - Loading libgkl_compression.dylib from jar:file:/Users/vtimonin/opt/anaconda3/envs/snakemake/share/gatk4-4.3.0.0-0/gatk-package-4.3.0.0-local.jar!/com/intel/gkl/native/libgkl_compression.dylib
10:56:07.231 INFO  GetPileupSummaries - ------------------------------------------------------------
10:56:07.231 INFO  GetPileupSummaries - The Genome Analysis Toolkit (GATK) v4.3.0.0
10:56:07.231 INFO  GetPileupSummaries - For support and documentation go to https://software.broadinstitute.org/gatk/
10:56:07.234 INFO  GetPileupSummaries - Executing as vtimonin@SV-66M-004 on Mac OS X v10.16 x86_64
10:56:07.235 INFO  GetPileupSummaries - Java runtime: OpenJDK 64-Bit Server VM v1.8.0_152-release-1056-b12
10:56:07.235 INFO  GetPileupSummaries - Start Date/Time: January 4, 2023 10:56:04 AM CET
10:56:07.235 INFO  GetPileupSummaries - ------------------------------------------------------------
10:56:07.235 INFO  GetPileupSummaries - ------------------------------------------------------------
10:56:07.236 INFO  GetPileupSummaries - HTSJDK Version: 3.0.1
10:56:07.236 INFO  GetPileupSummaries - Picard Version: 2.27.5
10:56:07.236 INFO  GetPileupSummaries - Built for Spark Version: 2.4.5
10:56:07.237 INFO  GetPileupSummaries - HTSJDK Defaults.COMPRESSION_LEVEL : 2
10:56:07.237 INFO  GetPileupSummaries - HTSJDK Defaults.USE_ASYNC_IO_READ_FOR_SAMTOOLS : false
10:56:07.237 INFO  GetPileupSummaries - HTSJDK Defaults.USE_ASYNC_IO_WRITE_FOR_SAMTOOLS : true
10:56:07.237 INFO  GetPileupSummaries - HTSJDK Defaults.USE_ASYNC_IO_WRITE_FOR_TRIBBLE : false
10:56:07.237 INFO  GetPileupSummaries - Deflater: IntelDeflater
10:56:07.237 INFO  GetPileupSummaries - Inflater: IntelInflater
10:56:07.237 INFO  GetPileupSummaries - GCS max retries/reopens: 20
10:56:07.237 INFO  GetPileupSummaries - Requester pays: disabled
10:56:07.237 INFO  GetPileupSummaries - Initializing engine
10:56:07.784 INFO  FeatureManager - Using codec VCFCodec to read file file:///Users/vtimonin/Desktop/Work/test/workflow/../resources/00-common_all.vcf.gz
10:56:07.898 INFO  FeatureManager - Using codec BEDCodec to read file file:///Users/vtimonin/Desktop/Work/test/workflow/../resources/chip.genes.bed
10:56:07.911 INFO  IntervalArgumentCollection - Processing 8823018 bp from intervals
10:56:07.915 WARN  IndexUtils - Feature file "file:///Users/vtimonin/Desktop/Work/test/workflow/../resources/00-common_all.vcf.gz" appears to contain no sequence dictionary. Attempting to retrieve a sequence dictionary from the associated index file
10:56:08.022 WARN  IntelInflater - Zero Bytes Written : 0
10:56:08.023 WARN  IndexUtils - Index file /Users/vtimonin/Desktop/Work/test/workflow/../resources/00-common_all.vcf.gz.tbi is out of date (index older than input file). Use IndexFeatureFile to make a new index.
10:56:08.030 INFO  GetPileupSummaries - Done initializing engine
10:56:08.031 INFO  GetPileupSummaries - Shutting down engine
[January 4, 2023 10:56:08 AM CET] org.broadinstitute.hellbender.tools.walkers.contamination.GetPileupSummaries done. Elapsed time: 0.05 minutes.
Runtime.totalMemory()=299368448
***********************************************************************

A USER ERROR has occurred: Bad input: Population vcf does not have an allele frequency (AF) info field in its header.

***********************************************************************
Set the system property GATK_STACKTRACE_ON_USER_EXCEPTION (--java-options '-DGATK_STACKTRACE_ON_USER_EXCEPTION=true') to print the stack trace.
