Using GATK jar /Users/vtimonin/opt/anaconda3/envs/snakemake/share/gatk4-4.3.0.0-0/gatk-package-4.3.0.0-local.jar
Running:
    java -Dsamjdk.use_async_io_read_samtools=false -Dsamjdk.use_async_io_write_samtools=true -Dsamjdk.use_async_io_write_tribble=false -Dsamjdk.compression_level=2 -Xmx1024M -jar /Users/vtimonin/opt/anaconda3/envs/snakemake/share/gatk4-4.3.0.0-0/gatk-package-4.3.0.0-local.jar Mutect2 --native-pair-hmm-threads 1 --input ../data/preprocessed/CPCT12345678R_HJJLGCCXX_S1_L001.bam --reference ../resources/GCA_000001405.15_GRCh38_no_alt_analysis_set.fa.gz -L ../resources/chip.genes.bed --max-mnp-distance 0 --tmp-dir /var/folders/6q/pgqvpyvd44b65lht2ypblldr0000gq/T/tmpk4iklr_k --output ../data/pon/CPCT12345679R_HJJLGCCXX_S1_L001.vcf
12:26:59.286 INFO  NativeLibraryLoader - Loading libgkl_compression.dylib from jar:file:/Users/vtimonin/opt/anaconda3/envs/snakemake/share/gatk4-4.3.0.0-0/gatk-package-4.3.0.0-local.jar!/com/intel/gkl/native/libgkl_compression.dylib
12:26:59.529 INFO  Mutect2 - ------------------------------------------------------------
12:26:59.529 INFO  Mutect2 - The Genome Analysis Toolkit (GATK) v4.3.0.0
12:26:59.530 INFO  Mutect2 - For support and documentation go to https://software.broadinstitute.org/gatk/
12:26:59.530 INFO  Mutect2 - Executing as vtimonin@SV-66M-004 on Mac OS X v10.16 x86_64
12:26:59.530 INFO  Mutect2 - Java runtime: OpenJDK 64-Bit Server VM v1.8.0_152-release-1056-b12
12:26:59.530 INFO  Mutect2 - Start Date/Time: January 3, 2023 12:26:59 PM CET
12:26:59.530 INFO  Mutect2 - ------------------------------------------------------------
12:26:59.530 INFO  Mutect2 - ------------------------------------------------------------
12:26:59.531 INFO  Mutect2 - HTSJDK Version: 3.0.1
12:26:59.531 INFO  Mutect2 - Picard Version: 2.27.5
12:26:59.531 INFO  Mutect2 - Built for Spark Version: 2.4.5
12:26:59.531 INFO  Mutect2 - HTSJDK Defaults.COMPRESSION_LEVEL : 2
12:26:59.531 INFO  Mutect2 - HTSJDK Defaults.USE_ASYNC_IO_READ_FOR_SAMTOOLS : false
12:26:59.531 INFO  Mutect2 - HTSJDK Defaults.USE_ASYNC_IO_WRITE_FOR_SAMTOOLS : true
12:26:59.532 INFO  Mutect2 - HTSJDK Defaults.USE_ASYNC_IO_WRITE_FOR_TRIBBLE : false
12:26:59.532 INFO  Mutect2 - Deflater: IntelDeflater
12:26:59.532 INFO  Mutect2 - Inflater: IntelInflater
12:26:59.532 INFO  Mutect2 - GCS max retries/reopens: 20
12:26:59.532 INFO  Mutect2 - Requester pays: disabled
12:26:59.532 INFO  Mutect2 - Initializing engine
12:27:00.052 INFO  FeatureManager - Using codec BEDCodec to read file file:///Users/vtimonin/Desktop/Work/test/workflow/../resources/chip.genes.bed
12:27:00.068 INFO  IntervalArgumentCollection - Processing 8823018 bp from intervals
12:27:00.080 INFO  Mutect2 - Done initializing engine
12:27:00.121 INFO  NativeLibraryLoader - Loading libgkl_utils.dylib from jar:file:/Users/vtimonin/opt/anaconda3/envs/snakemake/share/gatk4-4.3.0.0-0/gatk-package-4.3.0.0-local.jar!/com/intel/gkl/native/libgkl_utils.dylib
12:27:00.170 WARN  NativeLibraryLoader - Unable to find native library: native/libgkl_pairhmm_omp.dylib
12:27:00.171 INFO  PairHMM - OpenMP multi-threaded AVX-accelerated native PairHMM implementation is not supported
12:27:00.171 INFO  NativeLibraryLoader - Loading libgkl_pairhmm.dylib from jar:file:/Users/vtimonin/opt/anaconda3/envs/snakemake/share/gatk4-4.3.0.0-0/gatk-package-4.3.0.0-local.jar!/com/intel/gkl/native/libgkl_pairhmm.dylib
12:27:00.302 INFO  IntelPairHmm - Flush-to-zero (FTZ) is enabled when running PairHMM
12:27:00.304 INFO  PairHMM - Using the AVX-accelerated native PairHMM implementation
12:27:00.342 INFO  ProgressMeter - Starting traversal
12:27:00.343 INFO  ProgressMeter -        Current Locus  Elapsed Minutes     Regions Processed   Regions/Minute
12:27:07.686 INFO  Mutect2 - 27 read(s) filtered by: MappingQualityReadFilter 
0 read(s) filtered by: MappingQualityAvailableReadFilter 
0 read(s) filtered by: MappingQualityNotZeroReadFilter 
0 read(s) filtered by: MappedReadFilter 
0 read(s) filtered by: NotSecondaryAlignmentReadFilter 
232 read(s) filtered by: NotDuplicateReadFilter 
0 read(s) filtered by: PassesVendorQualityCheckReadFilter 
0 read(s) filtered by: NonChimericOriginalAlignmentReadFilter 
0 read(s) filtered by: NonZeroReferenceLengthAlignmentReadFilter 
0 read(s) filtered by: ReadLengthReadFilter 
0 read(s) filtered by: GoodCigarReadFilter 
0 read(s) filtered by: WellformedReadFilter 
259 total reads filtered
12:27:07.686 INFO  ProgressMeter -       chrX:155122721              0.1                 29481         240890.6
12:27:07.686 INFO  ProgressMeter - Traversal complete. Processed 29481 total regions in 0.1 minutes.
12:27:07.848 INFO  VectorLoglessPairHMM - Time spent in setup for JNI call : 0.0032840480000000003
12:27:07.848 INFO  PairHMM - Total compute time in PairHMM computeLogLikelihoods() : 0.06870472000000001
12:27:07.848 INFO  SmithWatermanAligner - Total compute time in java Smith-Waterman : 0.16 sec
12:27:07.849 INFO  Mutect2 - Shutting down engine
[January 3, 2023 12:27:07 PM CET] org.broadinstitute.hellbender.tools.walkers.mutect.Mutect2 done. Elapsed time: 0.14 minutes.
Runtime.totalMemory()=481820672
Tool returned:
SUCCESS
