Using GATK jar /Users/vtimonin/opt/anaconda3/envs/snakemake/share/gatk4-4.3.0.0-0/gatk-package-4.3.0.0-local.jar
Running:
    java -Dsamjdk.use_async_io_read_samtools=false -Dsamjdk.use_async_io_write_samtools=true -Dsamjdk.use_async_io_write_tribble=false -Dsamjdk.compression_level=2 -Xmx1024M -jar /Users/vtimonin/opt/anaconda3/envs/snakemake/share/gatk4-4.3.0.0-0/gatk-package-4.3.0.0-local.jar BaseRecalibrator --input ../interim/CPCT12345678R_HJJLGCCXX_S1_L001.dedup.bam --reference ../resources/GCA_000001405.15_GRCh38_no_alt_analysis_set.fa.gz --known-sites ../resources/00-common_all.vcf.gz --tmp-dir /var/folders/6q/pgqvpyvd44b65lht2ypblldr0000gq/T/tmpwhl4dlf3 --output ../interim/CPCT12345678R_HJJLGCCXX_S1_L001.grp
22:38:26.667 INFO  NativeLibraryLoader - Loading libgkl_compression.dylib from jar:file:/Users/vtimonin/opt/anaconda3/envs/snakemake/share/gatk4-4.3.0.0-0/gatk-package-4.3.0.0-local.jar!/com/intel/gkl/native/libgkl_compression.dylib
22:38:26.979 INFO  BaseRecalibrator - ------------------------------------------------------------
22:38:26.980 INFO  BaseRecalibrator - The Genome Analysis Toolkit (GATK) v4.3.0.0
22:38:26.980 INFO  BaseRecalibrator - For support and documentation go to https://software.broadinstitute.org/gatk/
22:38:26.980 INFO  BaseRecalibrator - Executing as vtimonin@SV-66M-004 on Mac OS X v10.16 x86_64
22:38:26.980 INFO  BaseRecalibrator - Java runtime: OpenJDK 64-Bit Server VM v1.8.0_152-release-1056-b12
22:38:26.981 INFO  BaseRecalibrator - Start Date/Time: December 26, 2022 10:38:26 PM CET
22:38:26.981 INFO  BaseRecalibrator - ------------------------------------------------------------
22:38:26.981 INFO  BaseRecalibrator - ------------------------------------------------------------
22:38:26.981 INFO  BaseRecalibrator - HTSJDK Version: 3.0.1
22:38:26.981 INFO  BaseRecalibrator - Picard Version: 2.27.5
22:38:26.981 INFO  BaseRecalibrator - Built for Spark Version: 2.4.5
22:38:26.981 INFO  BaseRecalibrator - HTSJDK Defaults.COMPRESSION_LEVEL : 2
22:38:26.982 INFO  BaseRecalibrator - HTSJDK Defaults.USE_ASYNC_IO_READ_FOR_SAMTOOLS : false
22:38:26.982 INFO  BaseRecalibrator - HTSJDK Defaults.USE_ASYNC_IO_WRITE_FOR_SAMTOOLS : true
22:38:26.982 INFO  BaseRecalibrator - HTSJDK Defaults.USE_ASYNC_IO_WRITE_FOR_TRIBBLE : false
22:38:26.982 INFO  BaseRecalibrator - Deflater: IntelDeflater
22:38:26.982 INFO  BaseRecalibrator - Inflater: IntelInflater
22:38:26.982 INFO  BaseRecalibrator - GCS max retries/reopens: 20
22:38:26.982 INFO  BaseRecalibrator - Requester pays: disabled
22:38:26.982 INFO  BaseRecalibrator - Initializing engine
22:38:27.551 INFO  FeatureManager - Using codec VCFCodec to read file file:///Users/vtimonin/Desktop/Work/test/workflow/../resources/00-common_all.vcf.gz
22:38:27.656 WARN  IndexUtils - Feature file "file:///Users/vtimonin/Desktop/Work/test/workflow/../resources/00-common_all.vcf.gz" appears to contain no sequence dictionary. Attempting to retrieve a sequence dictionary from the associated index file
22:38:27.791 WARN  IntelInflater - Zero Bytes Written : 0
22:38:27.791 WARN  IndexUtils - Index file /Users/vtimonin/Desktop/Work/test/workflow/../resources/00-common_all.vcf.gz.tbi is out of date (index older than input file). Use IndexFeatureFile to make a new index.
22:38:27.799 INFO  BaseRecalibrator - Done initializing engine
22:38:27.804 INFO  BaseRecalibrationEngine - The covariates being used here: 
22:38:27.804 INFO  BaseRecalibrationEngine - 	ReadGroupCovariate
22:38:27.804 INFO  BaseRecalibrationEngine - 	QualityScoreCovariate
22:38:27.804 INFO  BaseRecalibrationEngine - 	ContextCovariate
22:38:27.805 INFO  BaseRecalibrationEngine - 	CycleCovariate
22:38:27.824 INFO  ProgressMeter - Starting traversal
22:38:27.824 INFO  ProgressMeter -        Current Locus  Elapsed Minutes       Reads Processed     Reads/Minute
22:38:29.929 WARN  IntelInflater - Zero Bytes Written : 0
22:38:29.930 INFO  BaseRecalibrator - 83 read(s) filtered by: MappingQualityNotZeroReadFilter 
0 read(s) filtered by: MappingQualityAvailableReadFilter 
0 read(s) filtered by: MappedReadFilter 
0 read(s) filtered by: NotSecondaryAlignmentReadFilter 
1139 read(s) filtered by: NotDuplicateReadFilter 
0 read(s) filtered by: PassesVendorQualityCheckReadFilter 
0 read(s) filtered by: WellformedReadFilter 
1222 total reads filtered
22:38:29.931 INFO  ProgressMeter -       chr22:23834104              0.0                 16698         475952.5
22:38:29.931 INFO  ProgressMeter - Traversal complete. Processed 16698 total reads in 0.0 minutes.
22:38:29.996 INFO  BaseRecalibrator - Calculating quantized quality scores...
22:38:30.014 INFO  BaseRecalibrator - Writing recalibration report...
22:38:30.612 INFO  BaseRecalibrator - ...done!
22:38:30.612 INFO  BaseRecalibrator - BaseRecalibrator was able to recalibrate 16698 reads
22:38:30.612 INFO  BaseRecalibrator - Shutting down engine
[December 26, 2022 10:38:30 PM CET] org.broadinstitute.hellbender.tools.walkers.bqsr.BaseRecalibrator done. Elapsed time: 0.07 minutes.
Runtime.totalMemory()=411041792
Tool returned:
SUCCESS
